Arguments: 
  C:\Program Files\nodejs\node.exe C:\Program Files (x86)\Yarn\bin\yarn.js add MazeCreator

PATH: 
  C:\Users\KYLEFL~1\AppData\Local\Temp\yarn--1553890874592-0.06789555759187271;C:\Users\Kyle Flynn\Documents\GitHub\CIS-367-Project\node_modules\.bin;C:\Users\Kyle Flynn\AppData\Local\Yarn\Data\link\node_modules\.bin;C:\Users\Kyle Flynn\Documents\GitHub\CIS-367-Project\node_modules\.bin;C:\Users\Kyle Flynn\AppData\Local\Yarn\Data\link\node_modules\.bin;C:\Program Files\libexec\lib\node_modules\npm\bin\node-gyp-bin;C:\Program Files\lib\node_modules\npm\bin\node-gyp-bin;C:\Program Files\nodejs\node_modules\npm\bin\node-gyp-bin;C:\Program Files (x86)\Python\2.7\;C:\Program Files (x86)\Python\2.7\Scripts;C:\ProgramData\Oracle\Java\javapath;C:\Program Files (x86)\Intel\iCLS Client\;C:\Program Files\Intel\iCLS Client\;C:\Windows\system32;C:\Windows;C:\Windows\System32\Wbem;C:\Windows\System32\WindowsPowerShell\v1.0\;C:\Program Files (x86)\Intel\Intel(R) Management Engine Components\DAL;C:\Program Files\Intel\Intel(R) Management Engine Components\DAL;C:\Program Files (x86)\Intel\Intel(R) Management Engine Components\IPT;C:\Program Files\Intel\Intel(R) Management Engine Components\IPT;C:\Program Files (x86)\NVIDIA Corporation\PhysX\Common;C:\Program Files\nodejs;C:\Users\Kyle Flynn\AppData\Local\GitHubDesktop\app-0.8.0\resources\app\git\cmd;C:\Program Files\PuTTY\;C:\Program Files\Git\cmd;C:\WINDOWS\system32;C:\WINDOWS;C:\WINDOWS\System32\Wbem;C:\WINDOWS\System32\WindowsPowerShell\v1.0\;C:\Program Files\Java\jre1.8.0_144\bin;C:\Program Files\gradle-4.5.1\bin;C:\Program Files\Microsoft SQL Server\Client SDK\ODBC\130\Tools\Binn\;C:\Program Files (x86)\Microsoft SQL Server\130\Tools\Binn\;C:\Program Files\Microsoft SQL Server\130\Tools\Binn\;C:\Program Files\Microsoft SQL Server\130\DTS\Binn\;C:\Program Files\Java\jdk1.8.0_144\bin;C:\Program Files\dotnet\;C:\WINDOWS\System32\OpenSSH\;C:\Program Files\nodejs\;C:\Users\Public\frc2019\roborio\bin;C:\Users\Public\frc2019\frccode;C:\Program Files (x86)\GnuWin32\bin;C:\Program Files (x86)\Yarn\bin\;C:\Users\Kyle Flynn\AppData\Local\Programs\Python\Python36-32\Scripts\;C:\Users\Kyle Flynn\AppData\Local\Programs\Python\Python36-32\;C:\Users\Kyle Flynn\AppData\Local\Microsoft\WindowsApps;C:\Users\Kyle Flynn\AppData\Local\GitHubDesktop\bin;C:\Users\Kyle Flynn\AppData\Local\Microsoft\WindowsApps;C:\Users\Kyle Flynn\AppData\Local\Programs\Microsoft VS Code\bin;C:\Users\Kyle Flynn\AppData\Roaming\npm;C:\Users\Public\frc2019\roborio\bin;C:\Users\Public\frc2019\frccode;C:\Users\Kyle Flynn\AppData\Local\Yarn\bin

Yarn version: 
  1.13.0

Node version: 
  10.14.2

Platform: 
  win32 x64

Trace: 
  Error: https://registry.yarnpkg.com/MazeCreator: Not found
      at Request.params.callback [as _callback] (C:\Program Files (x86)\Yarn\lib\cli.js:65364:18)
      at Request.self.callback (C:\Program Files (x86)\Yarn\lib\cli.js:129397:22)
      at Request.emit (events.js:182:13)
      at Request.<anonymous> (C:\Program Files (x86)\Yarn\lib\cli.js:130369:10)
      at Request.emit (events.js:182:13)
      at IncomingMessage.<anonymous> (C:\Program Files (x86)\Yarn\lib\cli.js:130291:12)
      at Object.onceWrapper (events.js:273:13)
      at IncomingMessage.emit (events.js:187:15)
      at endReadableNT (_stream_readable.js:1094:12)
      at process._tickCallback (internal/process/next_tick.js:63:19)

npm manifest: 
  {
    "name": "367-Project",
    "version": "1.0.0",
    "description": "",
    "main": "index.js",
    "scripts": {
      "serve": "parcel index.html"
    },
    "repository": {
      "type": "git",
      "url": "git+https://github.com/JohnDoneth/367-Project.git"
    },
    "keywords": [],
    "author": "",
    "license": "ISC",
    "bugs": {
      "url": "https://github.com/JohnDoneth/367-Project/issues"
    },
    "homepage": "https://github.com/JohnDoneth/367-Project#readme",
    "dependencies": {
      "key-state": "^1.0.1",
      "oimo": "^1.0.9",
      "stats.js": "^0.17.0",
      "three": "^0.102.1"
    }
  }

yarn manifest: 
  No manifest

Lockfile: 
  # THIS IS AN AUTOGENERATED FILE. DO NOT EDIT THIS FILE DIRECTLY.
  # yarn lockfile v1
  
  
  key-state@^1.0.1:
    version "1.0.1"
    resolved "https://registry.yarnpkg.com/key-state/-/key-state-1.0.1.tgz#3e8e9bff5c3fc6b362f8b7f2c2282ff96f18596c"
  
  oimo@^1.0.9:
    version "1.0.9"
    resolved "https://registry.yarnpkg.com/oimo/-/oimo-1.0.9.tgz#0b592e361c799103fdb04fb3be1264245ef6884b"
    integrity sha1-C1kuNhx5kQP9sE+zvhJkJF72iEs=
  
  stats.js@^0.17.0:
    version "0.17.0"
    resolved "https://registry.yarnpkg.com/stats.js/-/stats.js-0.17.0.tgz#b1c3dc46d94498b578b7fd3985b81ace7131cc7d"
  
  three@^0.102.1:
    version "0.102.1"
    resolved "https://registry.yarnpkg.com/three/-/three-0.102.1.tgz#fc08b6b11860cf59e8cd45b7e90e34d1d1a8cbd6"
